C51 COMPILER V9.59.0.0   BSP_LOCK                                                          06/18/2019 19:41:21 PAGE 1   


C51 COMPILER V9.59.0.0, COMPILATION OF MODULE BSP_LOCK
OBJECT MODULE PLACED IN .\Objects\bsp_lock.obj
COMPILER INVOKED BY: E:\MDK\C51\BIN\C51.EXE ..\bsp\bsp_lock.c OPTIMIZE(8,SPEED) BROWSE INCDIR(..\bsp;..\lib;..\TimeOut;.
                    -.\user) DEBUG OBJECTEXTEND PRINT(.\Listings\bsp_lock.lst) TABS(7) OBJECT(.\Objects\bsp_lock.obj)

line level    source

   1          #include "bsp_lock.h"
   2          
   3          LOCK_PARA_t Lock_Para_t;
   4          
   5          extern unsigned long int MyKeyValue;
   6          
   7          
   8          void LockRedInit(void)
   9          {
  10   1             P2CON |= 0X20;
  11   1             P2PH  &= ~0X20;
  12   1             LockRedSet(0);
  13   1             Lock_Para_t.LockFlag = LockTrue;
  14   1      }
  15          
  16          void LockHandle(void)
  17          {
  18   1              if(TK5_VALUE == MyKeyValue)
  19   1              {
  20   2                    if(!Lock_Para_t.LockTempFlag)
  21   2                    {
  22   3                           Lock_Para_t.LockTempFlag = LockTrue;
  23   3                           ++ Lock_Para_t.LockTempCnts;
  24   3                    }
  25   2                    if(Lock_Para_t.LockTempCnts & 0x01)
  26   2                    {
  27   3                       if(Lock_Para_t.u16TimeLock < LockTime)
  28   3                       {
  29   4                          Lock_Para_t.u16TimeLock++;
  30   4                       }
  31   3                       else
  32   3                       {
  33   4                          Lock_Para_t.u16TimeLock = LockFalse;
  34   4                             LockRedSet(1);
  35   4                             Lock_Para_t.LockFlag = LockFalse;
  36   4                       }
  37   3                    }
  38   2                    else
  39   2                    {
  40   3                       if(Lock_Para_t.u16TimeLock < LockTime)
  41   3                       {
  42   4                          Lock_Para_t.u16TimeLock++;
  43   4                       }
  44   3                       else
  45   3                       {
  46   4                          Lock_Para_t.u16TimeLock = LockFalse;
  47   4                             LockRedSet(0);
  48   4                             Lock_Para_t.LockFlag = LockTrue;
  49   4                       }
  50   3                    }
  51   2              }
  52   1              else
  53   1              {
  54   2                    Lock_Para_t.LockTempFlag = LockFalse;
C51 COMPILER V9.59.0.0   BSP_LOCK                                                          06/18/2019 19:41:21 PAGE 2   

  55   2                    Lock_Para_t.u16TimeLock = LockFalse ;
  56   2              }
  57   1      }
  58          
  59          
  60          
  61          
  62          
  63          
  64          
  65          
  66          
  67          
  68          


MODULE INFORMATION:   STATIC OVERLAYABLE
   CODE SIZE        =    115    ----
   CONSTANT SIZE    =   ----    ----
   XDATA SIZE       =   ----    ----
   PDATA SIZE       =   ----    ----
   DATA SIZE        =      5    ----
   IDATA SIZE       =   ----    ----
   BIT SIZE         =   ----    ----
END OF MODULE INFORMATION.


C51 COMPILATION COMPLETE.  0 WARNING(S),  0 ERROR(S)
