C51 COMPILER V9.59.0.0   BSP_WDT                                                           06/18/2019 11:46:08 PAGE 1   


C51 COMPILER V9.59.0.0, COMPILATION OF MODULE BSP_WDT
OBJECT MODULE PLACED IN .\Objects\bsp_wdt.obj
COMPILER INVOKED BY: E:\MDK\C51\BIN\C51.EXE ..\bsp\bsp_wdt.c OPTIMIZE(8,SPEED) BROWSE INCDIR(..\bsp;..\lib;..\TimeOut;..
                    -\user) DEBUG OBJECTEXTEND PRINT(.\Listings\bsp_wdt.lst) TABS(7) OBJECT(.\Objects\bsp_wdt.obj)

line level    source

   1          #include "bsp_wdt.h"
   2          
   3          
   4          
   5          
   6          void WDT_ENABLE(void)
   7          {
   8   1             WDTCON |= 0x10;
   9   1      }
  10          
  11          void WDT_Feel(void)
  12          {
  13   1             WDTCON |= 0x10;
  14   1      }
  15          
  16          void WDT_DISABLE(void)
  17          {
  18   1             WDTCON &= 0x40;
  19   1      }
  20          
  21          
  22          
  23          


MODULE INFORMATION:   STATIC OVERLAYABLE
   CODE SIZE        =     12    ----
   CONSTANT SIZE    =   ----    ----
   XDATA SIZE       =   ----    ----
   PDATA SIZE       =   ----    ----
   DATA SIZE        =   ----    ----
   IDATA SIZE       =   ----    ----
   BIT SIZE         =   ----    ----
END OF MODULE INFORMATION.


C51 COMPILATION COMPLETE.  0 WARNING(S),  0 ERROR(S)
