C51 COMPILER V9.59.0.0   BSP_PWM                                                           06/18/2019 19:41:22 PAGE 1   


C51 COMPILER V9.59.0.0, COMPILATION OF MODULE BSP_PWM
OBJECT MODULE PLACED IN .\Objects\bsp_pwm.obj
COMPILER INVOKED BY: E:\MDK\C51\BIN\C51.EXE ..\bsp\bsp_pwm.c OPTIMIZE(8,SPEED) BROWSE INCDIR(..\bsp;..\lib;..\TimeOut;..
                    -\user) DEBUG OBJECTEXTEND PRINT(.\Listings\bsp_pwm.lst) TABS(7) OBJECT(.\Objects\bsp_pwm.obj)

line level    source

   1          #include "bsp_pwm.h"
   2          
   3          char count_level,count_100us_time;
   4          
   5          
   6          
   7          void Pwm_Init(void)
   8          {
   9   1         P0CON |= 0X01;
  10   1         P0PH  &= ~0X01;
  11   1         count_level = 15;
  12   1      }
  13          
  14          void ErrorPwmProcessHandle(void)
  15          {
  16   1              #if 1
  17   1           count_100us_time++;
  18   1              if(count_100us_time > 100)
  19   1              {
  20   2                count_100us_time = 0;
  21   2              }
  22   1              if(count_100us_time >= count_level)
  23   1              {
  24   2                PWM_SET(0);
  25   2              }
  26   1              else
  27   1              {
  28   2                PWM_SET(1);
  29   2              }
  30   1              #endif
  31   1      }
  32          
  33          


MODULE INFORMATION:   STATIC OVERLAYABLE
   CODE SIZE        =     52    ----
   CONSTANT SIZE    =   ----    ----
   XDATA SIZE       =   ----    ----
   PDATA SIZE       =   ----    ----
   DATA SIZE        =      2    ----
   IDATA SIZE       =   ----    ----
   BIT SIZE         =   ----    ----
END OF MODULE INFORMATION.


C51 COMPILATION COMPLETE.  0 WARNING(S),  0 ERROR(S)
