C51 COMPILER V9.59.0.0   BSP_CUP                                                           06/18/2019 13:23:50 PAGE 1   


C51 COMPILER V9.59.0.0, COMPILATION OF MODULE BSP_CUP
OBJECT MODULE PLACED IN .\Objects\bsp_cup.obj
COMPILER INVOKED BY: E:\MDK\C51\BIN\C51.EXE ..\bsp\bsp_cup.c OPTIMIZE(8,SPEED) BROWSE INCDIR(..\bsp;..\lib;..\TimeOut;..
                    -\user) DEBUG OBJECTEXTEND PRINT(.\Listings\bsp_cup.lst) TABS(7) OBJECT(.\Objects\bsp_cup.obj)

line level    source

   1          #include "bsp_cup.h"
   2          #include "bsp_lock.h"
   3          
   4          MOTRO_PARA_T Motro_Para_t;
   5          
   6          void Cup_Init(void)
   7          {
   8   1             P0CON |= 0X06;
   9   1             P0PH  &= ~0X06;
  10   1             P0 &= ~0X06;
  11   1      }
  12          
  13          
  14          void CupProcessHandle(void)
  15          {
  16   1             if(Motro_Para_t.up_flag)
  17   1             {
  18   2                Motro_Para_t.motro_count0 ++;
  19   2                if(Motro_Para_t.motro_count0 > CupTimeCnts)
  20   2                {
  21   3                   Motro_Para_t.motro_count0 = CupClear0;
  22   3                      Motro_Para_t.up_flag = CupClear0;
  23   3                      Motro_Para_t.down_flag = CupSet1;
  24   3                      P0 &= 0Xf9;
  25   3                }
  26   2             }
  27   1             if(Motro_Para_t.down_flag)
  28   1             {
  29   2                Motro_Para_t.motro_count1 ++;
  30   2                if(Motro_Para_t.motro_count1 > CupTimeCnts)
  31   2                {
  32   3                  Motro_Para_t.motro_count1 = CupClear0;
  33   3                     Motro_Para_t.up_flag = CupSet1;
  34   3                     Motro_Para_t.down_flag = CupClear0;
  35   3                }
  36   2             }
  37   1      }
  38          
  39          void CupHandle(void)
  40          {
  41   1             if(Motro_Para_t.MOTRO_FLAG == CupFalse)
  42   1             {
  43   2               Motro_Para_t.MOTRO_FLAG = CupTrue;
  44   2               P0 &= 0Xf9;
  45   2               P0 |= 1 << 1;
  46   2               Motro_Para_t.motro_count0 = CupClear0;
  47   2               Motro_Para_t.motro_count1 = CupClear0;
  48   2               Motro_Para_t.up_flag = CupSet1;
  49   2               Motro_Para_t.down_flag = CupClear0;
  50   2             }
  51   1             else
  52   1             {
  53   2               Motro_Para_t.MOTRO_FLAG = CupFalse;
  54   2               P0 &= 0Xf9;
C51 COMPILER V9.59.0.0   BSP_CUP                                                           06/18/2019 13:23:50 PAGE 2   

  55   2               P0 |= 1 << 2;
  56   2               Motro_Para_t.motro_count0 = CupClear0;
  57   2               Motro_Para_t.motro_count1 = CupClear0;
  58   2               Motro_Para_t.up_flag = CupClear0;
  59   2               Motro_Para_t.down_flag = CupSet1;
  60   2             }
  61   1      }
  62          
  63          
  64          
  65          
  66          
  67          
  68          
  69          


MODULE INFORMATION:   STATIC OVERLAYABLE
   CODE SIZE        =    131    ----
   CONSTANT SIZE    =   ----    ----
   XDATA SIZE       =   ----    ----
   PDATA SIZE       =   ----    ----
   DATA SIZE        =      7    ----
   IDATA SIZE       =   ----    ----
   BIT SIZE         =   ----    ----
END OF MODULE INFORMATION.


C51 COMPILATION COMPLETE.  0 WARNING(S),  0 ERROR(S)
