C51 COMPILER V9.59.0.0   SYSTEM                                                            06/14/2019 09:16:01 PAGE 1   


C51 COMPILER V9.59.0.0, COMPILATION OF MODULE SYSTEM
OBJECT MODULE PLACED IN .\Objects\system.obj
COMPILER INVOKED BY: E:\MDK\C51\BIN\C51.EXE ..\user\system.c OPTIMIZE(8,SPEED) BROWSE INCDIR(..\bsp;..\lib;..\TimeOut;..
                    -\user) DEBUG OBJECTEXTEND PRINT(.\Listings\system.lst) TABS(7) OBJECT(.\Objects\system.obj)

line level    source

   1          #include "system.h"
   2          
   3          
   4          void System_Init(void)
   5          {
   6   1             WDT_DISABLE();
   7   1             TimeOutDet_Init();
   8   1             LockRedInit();
   9   1             Cup_Init();
  10   1             Pwm_Init();
  11   1             Timer_Init();
  12   1             Uart_Init(Freq_2M,Baud_9600);
  13   1             Uart1_Init(Freq_2M,Baud_9600);
  14   1             TouchKeyInit();
  15   1             WDT_ENABLE();
  16   1             Interrupt_Handle(Interrupt_Enable);
  17   1      }
  18          
  19          void System_Handle(void)
  20          {
  21   1          WDT_Feel();
  22   1             Key_Handle();
  23   1      }
  24          
  25          
  26          


MODULE INFORMATION:   STATIC OVERLAYABLE
   CODE SIZE        =     53    ----
   CONSTANT SIZE    =   ----    ----
   XDATA SIZE       =   ----    ----
   PDATA SIZE       =   ----    ----
   DATA SIZE        =   ----    ----
   IDATA SIZE       =   ----    ----
   BIT SIZE         =   ----    ----
END OF MODULE INFORMATION.


C51 COMPILATION COMPLETE.  0 WARNING(S),  0 ERROR(S)
